<?xml version="1.0" encoding="UTF-8"?>
<testng-results ignored="0" total="9" passed="9" failed="0" skipped="0">
  <reporter-output>
  </reporter-output>
  <suite started-at="2025-05-19T20:06:00 IST" name="Loan department" finished-at="2025-05-19T20:06:00 IST" duration-ms="74">
    <groups>
      <group name="Smoke">
        <method signature="Day_3.Weblogincarloan()[pri:0, instance:test.Day_3@36fc695d]" name="Weblogincarloan" class="test.Day_3"/>
        <method signature="Day_2.Testcase4()[pri:0, instance:test.Day_2@5dda768f]" name="Testcase4" class="test.Day_2"/>
      </group> <!-- Smoke -->
    </groups>
    <test started-at="2025-05-19T20:06:00 IST" name="car loan" finished-at="2025-05-19T20:06:00 IST" duration-ms="48">
      <class name="test.Day_3">
        <test-method is-config="true" signature="before_suite()[pri:0, instance:test.Day_3@36fc695d]" started-at="2025-05-19T20:06:00 IST" name="before_suite" finished-at="2025-05-19T20:06:00 IST" duration-ms="11" status="PASS">
          <reporter-output>
          </reporter-output>
        </test-method> <!-- before_suite -->
      </class> <!-- test.Day_3 -->
      <class name="test.Day_2">
        <test-method is-config="true" signature="Testcase6()[pri:0, instance:test.Day_2@5dda768f]" started-at="2025-05-19T20:06:00 IST" name="Testcase6" finished-at="2025-05-19T20:06:00 IST" duration-ms="0" status="PASS">
          <reporter-output>
          </reporter-output>
        </test-method> <!-- Testcase6 -->
        <test-method signature="Testcase4()[pri:0, instance:test.Day_2@5dda768f]" started-at="2025-05-19T20:06:00 IST" name="Testcase4" finished-at="2025-05-19T20:06:00 IST" duration-ms="6" status="PASS">
          <reporter-output>
          </reporter-output>
        </test-method> <!-- Testcase4 -->
        <test-method signature="Testcase7(java.lang.String)[pri:0, instance:test.Day_2@5dda768f]" started-at="2025-05-19T20:06:00 IST" name="Testcase7" finished-at="2025-05-19T20:06:00 IST" duration-ms="3" status="PASS">
          <params>
            <param index="0">
              <value>
                <![CDATA[www.google.com]]>
              </value>
            </param>
          </params>
          <reporter-output>
          </reporter-output>
        </test-method> <!-- Testcase7 -->
        <test-method is-config="true" signature="Testcase3()[pri:0, instance:test.Day_2@5dda768f]" started-at="2025-05-19T20:06:00 IST" name="Testcase3" finished-at="2025-05-19T20:06:00 IST" duration-ms="0" status="PASS">
          <reporter-output>
          </reporter-output>
        </test-method> <!-- Testcase3 -->
        <test-method is-config="true" signature="after_suite()[pri:0, instance:test.Day_2@5dda768f]" started-at="2025-05-19T20:06:00 IST" name="after_suite" finished-at="2025-05-19T20:06:00 IST" duration-ms="0" status="PASS">
          <reporter-output>
          </reporter-output>
        </test-method> <!-- after_suite -->
      </class> <!-- test.Day_2 -->
    </test> <!-- car loan -->
    <test started-at="2025-05-19T20:06:00 IST" name="Personal loan" finished-at="2025-05-19T20:06:00 IST" duration-ms="74">
      <class name="test.Day_3">
        <test-method is-config="true" signature="loginapicarloan()[pri:0, instance:test.Day_3@36fc695d]" started-at="2025-05-19T20:06:00 IST" name="loginapicarloan" finished-at="2025-05-19T20:06:00 IST" duration-ms="1" status="PASS">
          <reporter-output>
          </reporter-output>
        </test-method> <!-- loginapicarloan -->
        <test-method is-config="true" signature="Before_class()[pri:0, instance:test.Day_3@36fc695d]" started-at="2025-05-19T20:06:00 IST" name="Before_class" finished-at="2025-05-19T20:06:00 IST" duration-ms="0" status="PASS">
          <reporter-output>
          </reporter-output>
        </test-method> <!-- Before_class -->
        <test-method signature="Weblogincarloan()[pri:0, instance:test.Day_3@36fc695d]" started-at="2025-05-19T20:06:00 IST" name="Weblogincarloan" finished-at="2025-05-19T20:06:00 IST" duration-ms="7" status="PASS">
          <reporter-output>
          </reporter-output>
        </test-method> <!-- Weblogincarloan -->
        <test-method signature="Weblogincarloan2(java.lang.String)[pri:0, instance:test.Day_3@36fc695d]" started-at="2025-05-19T20:06:00 IST" name="Weblogincarloan2" finished-at="2025-05-19T20:06:00 IST" duration-ms="3" status="PASS">
          <params>
            <param index="0">
              <value>
                <![CDATA[www.linkedin.com]]>
              </value>
            </param>
          </params>
          <reporter-output>
          </reporter-output>
        </test-method> <!-- Weblogincarloan2 -->
        <test-method signature="Weblogincarloan3(java.lang.String,java.lang.String,java.lang.String)[pri:0, instance:test.Day_3@36fc695d]" started-at="2025-05-19T20:06:00 IST" name="Weblogincarloan3" finished-at="2025-05-19T20:06:00 IST" duration-ms="3" status="PASS">
          <params>
            <param index="0">
              <value>
                <![CDATA[www.linkedin.com]]>
              </value>
            </param>
            <param index="1">
              <value>
                <![CDATA[kumar@gmail.com]]>
              </value>
            </param>
            <param index="2">
              <value>
                <![CDATA[kumar@1234]]>
              </value>
            </param>
          </params>
          <reporter-output>
          </reporter-output>
        </test-method> <!-- Weblogincarloan3 -->
        <test-method signature="Weblogincarloan4(java.lang.String,java.lang.String)[pri:0, instance:test.Day_3@36fc695d]" started-at="2025-05-19T20:06:00 IST" name="Weblogincarloan4" data-provider="dataprovide" finished-at="2025-05-19T20:06:00 IST" duration-ms="3" status="PASS">
          <params>
            <param index="0">
              <value>
                <![CDATA[ajith]]>
              </value>
            </param>
            <param index="1">
              <value>
                <![CDATA[ajith@1234]]>
              </value>
            </param>
          </params>
          <reporter-output>
          </reporter-output>
        </test-method> <!-- Weblogincarloan4 -->
        <test-method signature="Weblogincarloan4(java.lang.String,java.lang.String)[pri:0, instance:test.Day_3@36fc695d]" started-at="2025-05-19T20:06:00 IST" name="Weblogincarloan4" data-provider="dataprovide" finished-at="2025-05-19T20:06:00 IST" duration-ms="1" status="PASS">
          <params>
            <param index="0">
              <value>
                <![CDATA[seoul]]>
              </value>
            </param>
            <param index="1">
              <value>
                <![CDATA[seoul@1234]]>
              </value>
            </param>
          </params>
          <reporter-output>
          </reporter-output>
        </test-method> <!-- Weblogincarloan4 -->
        <test-method signature="Weblogincarloan4(java.lang.String,java.lang.String)[pri:0, instance:test.Day_3@36fc695d]" started-at="2025-05-19T20:06:00 IST" name="Weblogincarloan4" data-provider="dataprovide" finished-at="2025-05-19T20:06:00 IST" duration-ms="2" status="PASS">
          <params>
            <param index="0">
              <value>
                <![CDATA[jojo]]>
              </value>
            </param>
            <param index="1">
              <value>
                <![CDATA[jojo@1234]]>
              </value>
            </param>
          </params>
          <reporter-output>
          </reporter-output>
        </test-method> <!-- Weblogincarloan4 -->
        <test-method signature="Weblogincarloan1()[pri:0, instance:test.Day_3@36fc695d]" started-at="2025-05-19T20:06:00 IST" name="Weblogincarloan1" finished-at="2025-05-19T20:06:00 IST" depends-on-methods="test.Day_3.Weblogincarloan2" duration-ms="2" status="PASS">
          <reporter-output>
          </reporter-output>
        </test-method> <!-- Weblogincarloan1 -->
      </class> <!-- test.Day_3 -->
    </test> <!-- Personal loan -->
  </suite> <!-- Loan department -->
</testng-results>
