<?xml version="1.0" encoding="UTF-8"?>
<!-- Generated by org.testng.reporters.JUnitXMLReporter -->
<testsuite ignored="6" hostname="DESKTOP-G61C56A" failures="0" tests="3" name="Smoketest" time="0.094" errors="0" timestamp="2025-05-19T20:05:56 IST">
  <testcase classname="test.Day_1" name="Testcase2" time="0.013"/>
  <testcase classname="test.Day_2" name="Testcase4" time="0.013"/>
  <testcase classname="test.Day_3" name="Weblogincarloan" time="0.002"/>
  <testcase classname="test.Day_3" name="Weblogincarloan4" time="0.0">
    <ignored/>
  </testcase> <!-- Weblogincarloan4 -->
  <testcase classname="test.Day_1" name="Testcase1" time="0.0">
    <ignored/>
  </testcase> <!-- Testcase1 -->
  <testcase classname="test.Day_3" name="Weblogincarloan3" time="0.0">
    <ignored/>
  </testcase> <!-- Weblogincarloan3 -->
  <testcase classname="test.Day_3" name="Weblogincarloan1" time="0.0">
    <ignored/>
  </testcase> <!-- Weblogincarloan1 -->
  <testcase classname="test.Day_2" name="Testcase7" time="0.0">
    <ignored/>
  </testcase> <!-- Testcase7 -->
  <testcase classname="test.Day_3" name="Weblogincarloan2" time="0.0">
    <ignored/>
  </testcase> <!-- Weblogincarloan2 -->
</testsuite> <!-- Smoketest -->
