<?xml version="1.0" encoding="UTF-8"?>
<!-- Generated by org.testng.reporters.JUnitXMLReporter -->
<testsuite ignored="0" hostname="DESKTOP-G61C56A" failures="0" tests="7" name="Default test" time="0.088" errors="0" timestamp="2025-04-26T17:31:16 IST">
  <testcase classname="test.Day_3" name="Before_class" time="0.01"/>
  <testcase classname="test.Day_3" name="Weblogincarloan" time="0.001"/>
  <testcase classname="test.Day_3" name="Weblogincarloan2" time="0.001"/>
  <testcase classname="test.Day_3" name="before_suite" time="0.001"/>
  <testcase classname="test.Day_3" name="loginapicarloan" time="0.002"/>
  <testcase classname="test.Day_3" name="mobilelogincarloan" time="0.001"/>
  <testcase classname="test.Day_3" name="Weblogincarloan1" time="0.001"/>
</testsuite> <!-- Default test -->
